<?xml version="1.0" encoding="UTF-8"?>
<!-- Generated by org.testng.reporters.JUnitReportReporter -->
<testsuite hostname="MSI" failures="0" tests="1" name="testCases.TC002_AccountLoginTest" time="2.131" errors="0" timestamp="2025-05-20T19:18:47 IST" skipped="0">
  <testcase classname="testCases.TC002_AccountLoginTest" name="verify_account_login" time="2.131"/>
</testsuite> <!-- testCases.TC002_AccountLoginTest -->
