<?xml version="1.0" encoding="UTF-8"?>
<!-- Generated by org.testng.reporters.JUnitReportReporter -->
<testsuite hostname="MSI" failures="0" tests="4" name="testCases.TC003_LoginDDT" time="21.931" errors="0" timestamp="2025-05-20T19:18:47 IST" skipped="0">
  <testcase classname="testCases.TC003_LoginDDT" name="verify_LoginDDT" time="6.481"/>
  <testcase classname="testCases.TC003_LoginDDT" name="verify_LoginDDT" time="2.614"/>
  <testcase classname="testCases.TC003_LoginDDT" name="verify_LoginDDT" time="6.239"/>
  <testcase classname="testCases.TC003_LoginDDT" name="verify_LoginDDT" time="6.597"/>
</testsuite> <!-- testCases.TC003_LoginDDT -->
