<?xml version="1.0" encoding="UTF-8"?>
<!-- Generated by org.testng.reporters.JUnitReportReporter -->
<testsuite hostname="MSI" failures="0" tests="1" name="testCases.TC001_AccountResistrationTest" time="2.661" errors="0" timestamp="2025-05-20T19:18:47 IST" skipped="0">
  <testcase classname="testCases.TC001_AccountResistrationTest" name="verify_account_resistration" time="2.661"/>
</testsuite> <!-- testCases.TC001_AccountResistrationTest -->
