<?xml version="1.0" encoding="UTF-8"?>
<!-- Generated by org.testng.reporters.JUnitReportReporter -->
<testsuite hostname="MSI" failures="0" tests="1" name="testCases.TC004_AddtoCart" time="1.480" errors="0" timestamp="2025-05-21T14:59:19 IST" skipped="0">
  <testcase classname="testCases.TC004_AddtoCart" name="verify_Add_to_Cart" time="1.480"/>
</testsuite> <!-- testCases.TC004_AddtoCart -->
