<?xml version="1.0" encoding="UTF-8"?>
<!-- Generated by org.testng.reporters.JUnitReportReporter -->
<testsuite hostname="MSI" failures="0" tests="4" name="testCases.TC003_LoginDDT" time="24.805" errors="0" timestamp="2025-05-25T11:47:54 IST" skipped="0">
  <testcase classname="testCases.TC003_LoginDDT" name="verify_LoginDDT" time="3.018"/>
  <testcase classname="testCases.TC003_LoginDDT" name="verify_LoginDDT" time="7.117"/>
  <testcase classname="testCases.TC003_LoginDDT" name="verify_LoginDDT" time="7.308"/>
  <testcase classname="testCases.TC003_LoginDDT" name="verify_LoginDDT" time="7.362"/>
</testsuite> <!-- testCases.TC003_LoginDDT -->
