<?xml version="1.0" encoding="UTF-8"?>
<!-- Generated by org.testng.reporters.JUnitReportReporter -->
<testsuite hostname="MSI" failures="0" tests="1" name="testCases.TC004_AddtoCart" time="1.803" errors="0" timestamp="2025-05-25T11:47:54 IST" skipped="0">
  <testcase classname="testCases.TC004_AddtoCart" name="verify_Add_to_Cart" time="1.803"/>
</testsuite> <!-- testCases.TC004_AddtoCart -->
