<?xml version="1.0" encoding="UTF-8"?>
<!-- Generated by org.testng.reporters.JUnitReportReporter -->
<testsuite hostname="MSI" failures="0" tests="1" name="testCases.TC005_CompareProduct" time="3.252" errors="0" timestamp="2025-05-25T11:47:54 IST" skipped="0">
  <testcase classname="testCases.TC005_CompareProduct" name="verify_Compair_Product" time="3.252"/>
</testsuite> <!-- testCases.TC005_CompareProduct -->
