<?xml version="1.0" encoding="UTF-8"?>
<!-- Generated by org.testng.reporters.JUnitReportReporter -->
<testsuite hostname="MSI" failures="0" tests="1" name="testCases.TC002_AccountLoginTest" time="3.159" errors="0" timestamp="2025-05-25T11:47:54 IST" skipped="0">
  <testcase classname="testCases.TC002_AccountLoginTest" name="verify_account_login" time="3.159"/>
</testsuite> <!-- testCases.TC002_AccountLoginTest -->
